<?xml version="1.0" encoding="UTF-8"?>
<testng-results ignored="0" total="1" passed="1" failed="0" skipped="0">
  <reporter-output>
  </reporter-output>
  <suite started-at="2018-08-18T21:06:49Z" name="Default suite" finished-at="2018-08-18T21:06:49Z" duration-ms="52">
    <groups>
    </groups>
    <test started-at="2018-08-18T21:06:49Z" name="Default test" finished-at="2018-08-18T21:06:49Z" duration-ms="52">
      <class name="NewTest">
        <test-method is-config="true" signature="beforeTest()[pri:0, instance:NewTest@7d8704ef]" started-at="2018-08-18T21:06:49Z" name="beforeTest" finished-at="2018-08-18T21:06:49Z" duration-ms="15" status="PASS">
          <reporter-output>
          </reporter-output>
        </test-method> <!-- beforeTest -->
        <test-method is-config="true" signature="beforeMethod()[pri:0, instance:NewTest@7d8704ef]" started-at="2018-08-18T21:06:49Z" name="beforeMethod" finished-at="2018-08-18T21:06:49Z" duration-ms="1" status="PASS">
          <reporter-output>
          </reporter-output>
        </test-method> <!-- beforeMethod -->
        <test-method signature="f()[pri:0, instance:NewTest@7d8704ef]" started-at="2018-08-18T21:06:49Z" name="f" finished-at="2018-08-18T21:06:49Z" duration-ms="6" status="PASS">
          <reporter-output>
          </reporter-output>
        </test-method> <!-- f -->
        <test-method is-config="true" signature="afterMethod()[pri:0, instance:NewTest@7d8704ef]" started-at="2018-08-18T21:06:49Z" name="afterMethod" finished-at="2018-08-18T21:06:49Z" duration-ms="0" status="PASS">
          <reporter-output>
          </reporter-output>
        </test-method> <!-- afterMethod -->
        <test-method is-config="true" signature="afterTest()[pri:0, instance:NewTest@7d8704ef]" started-at="2018-08-18T21:06:49Z" name="afterTest" finished-at="2018-08-18T21:06:49Z" duration-ms="0" status="PASS">
          <reporter-output>
          </reporter-output>
        </test-method> <!-- afterTest -->
      </class> <!-- NewTest -->
    </test> <!-- Default test -->
  </suite> <!-- Default suite -->
</testng-results>
